Testing Gameplex Software tools files...
checking that all 7 required files are present...
Gameplex Software developer tools is intact!
 echo
[0;34mGameplex Software Developer tools v:,0.0.7[0m echo
Created by: Gameplex Software echo
©Gameplex Software 2022 echo
 echo
 echo
[0;34mGameplex Software Developer tools v:,0.0.7[0m echo
Created by: Gameplex Software echo
©Gameplex Software 2022 echo
 echo
 echo
[0;34mGameplex Software Developer tools v:,0.0.7[0m echo
Created by: Gameplex Software echo
©Gameplex Software 2022 echo
 echo
[0;34mGameplex Software Developer tools v:,0.0.7[0m echo
 echo
Some Example text echo
 echo
 echo
Set all vars
